<?xml version="1.0" encoding="UTF-8"?>
<!-- Generated by org.testng.reporters.JUnitReportReporter -->
<testsuite hostname="DESKTOP-S8LIHVD" failures="0" tests="1" name="tests.login.UnsuccessfulLoginWrongPassword" time="13.273" errors="0" timestamp="2022-07-09T15:20:21 CEST" skipped="0">
  <testcase classname="tests.login.UnsuccessfulLoginWrongPassword" name="UnsuccessfulLoginWrongPassword" time="13.273"/>
  <system-out/>
</testsuite> <!-- tests.login.UnsuccessfulLoginWrongPassword -->
